
  EPA STORM WATER MANAGEMENT MODEL - VERSION 5.1 (Build 5.1.015)
  --------------------------------------------------------------

  WARNING 04: minimum elevation drop used for Conduit 241
  
  *********************************************************
  NOTE: The summary statistics displayed in this report are
  based on results found at every computational time step,  
  not just on results from each reporting time step.
  *********************************************************
  
  ****************
  Analysis Options
  ****************
  Flow Units ............... CMS
  Process Models:
    Rainfall/Runoff ........ NO
    RDII ................... NO
    Snowmelt ............... NO
    Groundwater ............ NO
    Flow Routing ........... YES
    Ponding Allowed ........ NO
    Water Quality .......... NO
  Flow Routing Method ...... DYNWAVE
  Surcharge Method ......... SLOT
  Starting Date ............ 10/31/2022 00:00:00
  Ending Date .............. 10/31/2022 06:00:00
  Antecedent Dry Days ...... 0.0
  Report Time Step ......... 00:00:10
  Routing Time Step ........ 1.00 sec
  Variable Time Step ....... NO
  Maximum Trials ........... 8
  Number of Threads ........ 6
  Head Tolerance ........... 0.001500 m
  
  
  **************************        Volume        Volume
  Flow Routing Continuity        hectare-m      10^6 ltr
  **************************     ---------     ---------
  Dry Weather Inflow .......         0.000         0.000
  Wet Weather Inflow .......         0.000         0.000
  Groundwater Inflow .......         0.000         0.000
  RDII Inflow ..............         0.000         0.000
  External Inflow ..........         4.541        45.406
  External Outflow .........         4.358        43.580
  Flooding Loss ............         0.000         0.000
  Evaporation Loss .........         0.000         0.000
  Exfiltration Loss ........         0.000         0.000
  Initial Stored Volume ....         0.000         0.000
  Final Stored Volume ......         0.182         1.816
  Continuity Error (%) .....         0.020
  
  
  *************************
  Highest Continuity Errors
  *************************
  Node K09 (1.93%)
  Node J09 (1.86%)
  Node I09 (1.46%)
  
  
  ********************************
  Highest Flow Instability Indexes
  ********************************
  All links are stable.
  
  
  *************************
  Routing Time Step Summary
  *************************
  Minimum Time Step           :     1.00 sec
  Average Time Step           :     1.00 sec
  Maximum Time Step           :     1.00 sec
  Percent in Steady State     :     0.00
  Average Iterations per Step :     2.00
  Percent Not Converging      :     0.00
  
  
  ******************
  Node Depth Summary
  ******************
  
  ---------------------------------------------------------------------------------
                                 Average  Maximum  Maximum  Time of Max    Reported
                                   Depth    Depth      HGL   Occurrence   Max Depth
  Node                 Type       Meters   Meters   Meters  days hr:min      Meters
  ---------------------------------------------------------------------------------
  A00                  JUNCTION     0.07     0.07    20.07     0  00:23        0.07
  A01                  JUNCTION     0.09     0.09    19.09     0  00:39        0.09
  A02                  JUNCTION     0.11     0.11    18.11     0  00:42        0.11
  A03                  JUNCTION     0.13     0.13    17.13     0  00:51        0.13
  A04                  JUNCTION     0.14     0.14    16.14     0  00:46        0.14
  A05                  JUNCTION     0.16     0.16    15.16     0  00:55        0.16
  A06                  JUNCTION     0.17     0.17    14.17     0  00:55        0.17
  A07                  JUNCTION     0.18     0.18    13.18     0  00:57        0.18
  A08                  JUNCTION     0.19     0.19    12.19     0  00:59        0.19
  A09                  JUNCTION     0.20     0.20    11.20     0  00:59        0.20
  A10                  JUNCTION     0.21     0.21    10.21     0  00:52        0.21
  B00                  JUNCTION     0.07     0.07    19.07     0  00:24        0.07
  B01                  JUNCTION     0.09     0.09    18.09     0  00:39        0.09
  B02                  JUNCTION     0.11     0.11    17.11     0  00:42        0.11
  B03                  JUNCTION     0.13     0.13    16.13     0  00:43        0.13
  B04                  JUNCTION     0.14     0.14    15.14     0  00:46        0.14
  B05                  JUNCTION     0.16     0.16    14.16     0  00:46        0.16
  B06                  JUNCTION     0.17     0.17    13.17     0  00:46        0.17
  B07                  JUNCTION     0.18     0.18    12.18     0  00:48        0.18
  B08                  JUNCTION     0.19     0.19    11.19     0  00:50        0.19
  B09                  JUNCTION     0.20     0.20    10.20     0  00:51        0.20
  B10                  JUNCTION     0.30     0.30     9.30     0  00:53        0.30
  C00                  JUNCTION     0.07     0.07    18.07     0  00:24        0.07
  C01                  JUNCTION     0.09     0.09    17.09     0  00:39        0.09
  C02                  JUNCTION     0.11     0.11    16.11     0  00:44        0.11
  C03                  JUNCTION     0.13     0.13    15.13     0  00:50        0.13
  C04                  JUNCTION     0.14     0.14    14.14     0  00:46        0.14
  C05                  JUNCTION     0.16     0.16    13.16     0  00:56        0.16
  C06                  JUNCTION     0.17     0.17    12.17     0  00:48        0.17
  C07                  JUNCTION     0.18     0.18    11.18     0  00:49        0.18
  C08                  JUNCTION     0.19     0.19    10.19     0  00:50        0.19
  C09                  JUNCTION     0.20     0.20     9.20     0  00:52        0.20
  C10                  JUNCTION     0.37     0.37     8.37     0  00:54        0.37
  D00                  JUNCTION     0.07     0.07    17.07     0  00:24        0.07
  D01                  JUNCTION     0.09     0.09    16.09     0  00:39        0.09
  D02                  JUNCTION     0.11     0.11    15.11     0  00:42        0.11
  D03                  JUNCTION     0.13     0.13    14.13     0  00:46        0.13
  D04                  JUNCTION     0.14     0.14    13.14     0  00:46        0.14
  D05                  JUNCTION     0.16     0.16    12.16     0  00:46        0.16
  D06                  JUNCTION     0.17     0.17    11.17     0  00:47        0.17
  D07                  JUNCTION     0.18     0.18    10.18     0  00:48        0.18
  D08                  JUNCTION     0.19     0.19     9.19     0  00:49        0.19
  D09                  JUNCTION     0.20     0.20     8.20     0  00:50        0.20
  D10                  JUNCTION     0.43     0.44     7.44     0  00:55        0.44
  E00                  JUNCTION     0.07     0.07    16.07     0  00:24        0.07
  E01                  JUNCTION     0.09     0.09    15.09     0  00:39        0.09
  E02                  JUNCTION     0.11     0.11    14.11     0  00:44        0.11
  E03                  JUNCTION     0.13     0.13    13.13     0  00:50        0.13
  E04                  JUNCTION     0.14     0.14    12.14     0  00:50        0.14
  E05                  JUNCTION     0.16     0.16    11.16     0  00:53        0.16
  E06                  JUNCTION     0.17     0.17    10.17     0  00:56        0.17
  E07                  JUNCTION     0.18     0.18     9.18     0  00:58        0.18
  E08                  JUNCTION     0.19     0.19     8.19     0  00:57        0.19
  E09                  JUNCTION     0.20     0.20     7.20     0  00:58        0.20
  E10                  JUNCTION     0.48     0.49     6.49     0  00:58        0.49
  F00                  JUNCTION     0.07     0.07    15.07     0  00:24        0.07
  F01                  JUNCTION     0.09     0.09    14.09     0  00:39        0.09
  F02                  JUNCTION     0.11     0.11    13.11     0  00:42        0.11
  F03                  JUNCTION     0.13     0.13    12.13     0  00:46        0.13
  F04                  JUNCTION     0.14     0.14    11.14     0  00:46        0.14
  F05                  JUNCTION     0.16     0.16    10.16     0  00:47        0.16
  F06                  JUNCTION     0.17     0.17     9.17     0  00:47        0.17
  F07                  JUNCTION     0.18     0.18     8.18     0  00:49        0.18
  F08                  JUNCTION     0.19     0.19     7.19     0  00:49        0.19
  F09                  JUNCTION     0.20     0.20     6.20     0  00:51        0.20
  F10                  JUNCTION     0.54     0.55     5.55     0  00:58        0.55
  G00                  JUNCTION     0.07     0.07    14.07     0  00:24        0.07
  G01                  JUNCTION     0.09     0.09    13.09     0  00:40        0.09
  G02                  JUNCTION     0.11     0.11    12.11     0  00:42        0.11
  G03                  JUNCTION     0.13     0.13    11.13     0  00:43        0.13
  G04                  JUNCTION     0.14     0.14    10.14     0  00:46        0.14
  G05                  JUNCTION     0.16     0.16     9.16     0  00:46        0.16
  G06                  JUNCTION     0.17     0.17     8.17     0  00:47        0.17
  G07                  JUNCTION     0.18     0.18     7.18     0  00:48        0.18
  G08                  JUNCTION     0.19     0.19     6.19     0  00:49        0.19
  G09                  JUNCTION     0.20     0.20     5.20     0  00:51        0.20
  G10                  JUNCTION     0.60     0.61     4.61     0  00:59        0.61
  H00                  JUNCTION     0.07     0.07    13.07     0  00:24        0.07
  H01                  JUNCTION     0.09     0.09    12.09     0  00:39        0.09
  H02                  JUNCTION     0.11     0.11    11.11     0  00:44        0.11
  H03                  JUNCTION     0.13     0.13    10.13     0  00:50        0.13
  H04                  JUNCTION     0.14     0.14     9.14     0  01:03        0.14
  H05                  JUNCTION     0.16     0.16     8.16     0  00:46        0.16
  H06                  JUNCTION     0.17     0.17     7.17     0  00:47        0.17
  H07                  JUNCTION     0.18     0.18     6.18     0  00:49        0.18
  H08                  JUNCTION     0.19     0.19     5.19     0  00:49        0.19
  H09                  JUNCTION     0.29     0.31     4.31     0  06:00        0.31
  H10                  JUNCTION     1.22     1.30     4.30     0  06:00        1.30
  I00                  JUNCTION     0.07     0.07    12.07     0  00:24        0.07
  I01                  JUNCTION     0.09     0.09    11.09     0  00:39        0.09
  I02                  JUNCTION     0.11     0.11    10.11     0  00:42        0.11
  I03                  JUNCTION     0.13     0.13     9.13     0  00:45        0.13
  I04                  JUNCTION     0.14     0.14     8.14     0  00:48        0.14
  I05                  JUNCTION     0.16     0.16     7.16     0  00:46        0.16
  I06                  JUNCTION     0.17     0.17     6.17     0  00:47        0.17
  I07                  JUNCTION     0.18     0.18     5.18     0  00:48        0.18
  I08                  JUNCTION     0.19     0.19     4.19     0  00:49        0.19
  I09                  JUNCTION     0.67     0.72     3.72     0  06:00        0.72
  I10                  JUNCTION     1.62     1.72     3.72     0  06:00        1.72
  J00                  JUNCTION     0.07     0.07    11.07     0  00:24        0.07
  J01                  JUNCTION     0.09     0.09    10.09     0  00:40        0.09
  J02                  JUNCTION     0.11     0.11     9.11     0  00:42        0.11
  J03                  JUNCTION     0.13     0.13     8.13     0  00:44        0.13
  J04                  JUNCTION     0.14     0.14     7.14     0  00:45        0.14
  J05                  JUNCTION     0.16     0.16     6.16     0  00:46        0.16
  J06                  JUNCTION     0.17     0.17     5.17     0  00:47        0.17
  J07                  JUNCTION     0.18     0.18     4.18     0  00:48        0.18
  J08                  JUNCTION     0.19     0.19     3.19     0  00:49        0.19
  J09                  JUNCTION     0.90     0.96     2.96     0  06:00        0.96
  J10                  JUNCTION     1.85     1.95     2.95     0  06:00        1.95
  K00                  JUNCTION     0.07     0.07    10.07     0  00:24        0.07
  K01                  JUNCTION     0.09     0.09     9.09     0  00:41        0.09
  K02                  JUNCTION     0.11     0.11     8.11     0  00:42        0.11
  K03                  JUNCTION     0.13     0.13     7.13     0  00:44        0.13
  K04                  JUNCTION     0.14     0.14     6.14     0  00:45        0.14
  K05                  JUNCTION     0.16     0.16     5.16     0  00:45        0.16
  K06                  JUNCTION     0.17     0.17     4.17     0  00:47        0.17
  K07                  JUNCTION     0.18     0.18     3.18     0  00:48        0.18
  K08                  JUNCTION     0.19     0.19     2.19     0  00:49        0.19
  K09                  JUNCTION     0.97     1.02     2.02     0  06:00        1.02
  K10                  JUNCTION     1.94     2.02     2.02     0  06:00        2.02
  Outfall              OUTFALL      0.80     0.83     0.83     0  06:00        0.83
  
  
  *******************
  Node Inflow Summary
  *******************
  
  -------------------------------------------------------------------------------------------------
                                  Maximum  Maximum                  Lateral       Total        Flow
                                  Lateral    Total  Time of Max      Inflow      Inflow     Balance
                                   Inflow   Inflow   Occurrence      Volume      Volume       Error
  Node                 Type           CMS      CMS  days hr:min    10^6 ltr    10^6 ltr     Percent
  -------------------------------------------------------------------------------------------------
  A00                  JUNCTION     0.017    0.017     0  00:00       0.375       0.375       0.283
  A01                  JUNCTION     0.017    0.035     0  00:23       0.375       0.749       0.484
  A02                  JUNCTION     0.017    0.052     0  00:39       0.375        1.12       0.428
  A03                  JUNCTION     0.017    0.070     0  00:42       0.375        1.49       0.395
  A04                  JUNCTION     0.017    0.087     0  00:51       0.375        1.86       0.371
  A05                  JUNCTION     0.017    0.104     0  00:51       0.375        2.23       0.352
  A06                  JUNCTION     0.017    0.122     0  00:55       0.375         2.6       0.337
  A07                  JUNCTION     0.017    0.139     0  00:55       0.375        2.96       0.325
  A08                  JUNCTION     0.017    0.156     0  00:57       0.375        3.33       0.315
  A09                  JUNCTION     0.017    0.174     0  00:59       0.375        3.69       0.306
  A10                  JUNCTION     0.017    0.191     0  00:51       0.375        4.06       0.300
  B00                  JUNCTION     0.017    0.017     0  00:00       0.375       0.375       0.283
  B01                  JUNCTION     0.017    0.035     0  00:24       0.375       0.749       0.484
  B02                  JUNCTION     0.017    0.052     0  00:39       0.375        1.12       0.428
  B03                  JUNCTION     0.017    0.070     0  00:42       0.375        1.49       0.395
  B04                  JUNCTION     0.017    0.087     0  00:43       0.375        1.86       0.371
  B05                  JUNCTION     0.017    0.104     0  00:46       0.375        2.23       0.352
  B06                  JUNCTION     0.017    0.122     0  00:46       0.375         2.6       0.337
  B07                  JUNCTION     0.017    0.139     0  00:46       0.375        2.96       0.325
  B08                  JUNCTION     0.017    0.156     0  00:48       0.375        3.33       0.315
  B09                  JUNCTION     0.017    0.174     0  00:50       0.375        3.69       0.308
  B10                  JUNCTION     0.017    0.382     0  00:52       0.375         8.1       0.364
  C00                  JUNCTION     0.017    0.017     0  00:00       0.375       0.375       0.283
  C01                  JUNCTION     0.017    0.035     0  00:24       0.375       0.749       0.484
  C02                  JUNCTION     0.017    0.052     0  00:39       0.375        1.12       0.428
  C03                  JUNCTION     0.017    0.070     0  00:44       0.375        1.49       0.395
  C04                  JUNCTION     0.017    0.087     0  00:50       0.375        1.86       0.371
  C05                  JUNCTION     0.017    0.104     0  00:50       0.375        2.23       0.352
  C06                  JUNCTION     0.017    0.122     0  00:56       0.375         2.6       0.337
  C07                  JUNCTION     0.017    0.139     0  00:48       0.375        2.96       0.325
  C08                  JUNCTION     0.017    0.156     0  00:49       0.375        3.33       0.315
  C09                  JUNCTION     0.017    0.174     0  00:50       0.375        3.69       0.310
  C10                  JUNCTION     0.017    0.573     0  00:53       0.375        12.1       0.326
  D00                  JUNCTION     0.017    0.017     0  00:00       0.375       0.375       0.283
  D01                  JUNCTION     0.017    0.035     0  00:24       0.375       0.749       0.484
  D02                  JUNCTION     0.017    0.052     0  00:39       0.375        1.12       0.428
  D03                  JUNCTION     0.017    0.070     0  00:42       0.375        1.49       0.395
  D04                  JUNCTION     0.017    0.087     0  00:46       0.375        1.86       0.371
  D05                  JUNCTION     0.017    0.104     0  00:46       0.375        2.23       0.352
  D06                  JUNCTION     0.017    0.122     0  00:46       0.375         2.6       0.337
  D07                  JUNCTION     0.017    0.139     0  00:47       0.375        2.96       0.325
  D08                  JUNCTION     0.017    0.156     0  00:48       0.375        3.33       0.315
  D09                  JUNCTION     0.017    0.174     0  00:49       0.375        3.69       0.311
  D10                  JUNCTION     0.017    0.764     0  00:54       0.375        16.1       0.302
  E00                  JUNCTION     0.017    0.017     0  00:00       0.375       0.375       0.283
  E01                  JUNCTION     0.017    0.035     0  00:24       0.375       0.749       0.484
  E02                  JUNCTION     0.017    0.052     0  00:39       0.375        1.12       0.428
  E03                  JUNCTION     0.017    0.070     0  00:44       0.375        1.49       0.395
  E04                  JUNCTION     0.017    0.087     0  00:50       0.375        1.86       0.371
  E05                  JUNCTION     0.017    0.104     0  00:50       0.375        2.23       0.352
  E06                  JUNCTION     0.017    0.122     0  00:53       0.375         2.6       0.337
  E07                  JUNCTION     0.017    0.139     0  00:56       0.375        2.96       0.325
  E08                  JUNCTION     0.017    0.156     0  00:58       0.375        3.33       0.315
  E09                  JUNCTION     0.017    0.174     0  00:57       0.375        3.69       0.311
  E10                  JUNCTION     0.017    0.956     0  00:58       0.375        20.2       0.285
  F00                  JUNCTION     0.017    0.017     0  00:00       0.375       0.375       0.283
  F01                  JUNCTION     0.017    0.035     0  00:24       0.375       0.749       0.484
  F02                  JUNCTION     0.017    0.052     0  00:39       0.375        1.12       0.428
  F03                  JUNCTION     0.017    0.070     0  00:42       0.375        1.49       0.395
  F04                  JUNCTION     0.017    0.087     0  00:46       0.375        1.86       0.371
  F05                  JUNCTION     0.017    0.104     0  00:46       0.375        2.23       0.352
  F06                  JUNCTION     0.017    0.122     0  00:47       0.375         2.6       0.337
  F07                  JUNCTION     0.017    0.139     0  00:47       0.375        2.96       0.325
  F08                  JUNCTION     0.017    0.156     0  00:49       0.375        3.33       0.315
  F09                  JUNCTION     0.017    0.174     0  00:49       0.375        3.69       0.311
  F10                  JUNCTION     0.017    1.147     0  00:58       0.375        24.2       0.273
  G00                  JUNCTION     0.017    0.017     0  00:00       0.375       0.375       0.283
  G01                  JUNCTION     0.017    0.035     0  00:24       0.375       0.749       0.484
  G02                  JUNCTION     0.017    0.052     0  00:40       0.375        1.12       0.428
  G03                  JUNCTION     0.017    0.070     0  00:42       0.375        1.49       0.395
  G04                  JUNCTION     0.017    0.087     0  00:43       0.375        1.86       0.371
  G05                  JUNCTION     0.017    0.104     0  00:46       0.375        2.23       0.352
  G06                  JUNCTION     0.017    0.122     0  00:46       0.375         2.6       0.337
  G07                  JUNCTION     0.017    0.139     0  00:47       0.375        2.96       0.325
  G08                  JUNCTION     0.017    0.156     0  00:48       0.375        3.33       0.315
  G09                  JUNCTION     0.017    0.174     0  00:49       0.375        3.69       0.312
  G10                  JUNCTION     0.017    1.338     0  00:58       0.375        28.2       0.265
  H00                  JUNCTION     0.017    0.017     0  00:00       0.375       0.375       0.283
  H01                  JUNCTION     0.017    0.035     0  00:24       0.375       0.749       0.484
  H02                  JUNCTION     0.017    0.052     0  00:39       0.375        1.12       0.428
  H03                  JUNCTION     0.017    0.070     0  00:44       0.375        1.49       0.395
  H04                  JUNCTION     0.017    0.087     0  00:50       0.375        1.86       0.371
  H05                  JUNCTION     0.017    0.104     0  01:03       0.375        2.23       0.352
  H06                  JUNCTION     0.017    0.122     0  00:46       0.375         2.6       0.337
  H07                  JUNCTION     0.017    0.139     0  00:47       0.375        2.96       0.325
  H08                  JUNCTION     0.017    0.156     0  00:49       0.375        3.33       0.315
  H09                  JUNCTION     0.017    0.174     0  00:49       0.375        3.69       0.556
  H10                  JUNCTION     0.017    1.529     0  06:00       0.375        32.1       0.414
  I00                  JUNCTION     0.017    0.017     0  00:00       0.375       0.375       0.283
  I01                  JUNCTION     0.017    0.035     0  00:24       0.375       0.749       0.484
  I02                  JUNCTION     0.017    0.052     0  00:39       0.375        1.12       0.428
  I03                  JUNCTION     0.017    0.070     0  00:42       0.375        1.49       0.395
  I04                  JUNCTION     0.017    0.087     0  00:45       0.375        1.86       0.371
  I05                  JUNCTION     0.017    0.104     0  00:48       0.375        2.23       0.352
  I06                  JUNCTION     0.017    0.122     0  00:46       0.375         2.6       0.337
  I07                  JUNCTION     0.017    0.139     0  00:47       0.375        2.96       0.325
  I08                  JUNCTION     0.017    0.156     0  00:48       0.375        3.33       0.315
  I09                  JUNCTION     0.017    0.174     0  00:49       0.375        3.69       1.485
  I10                  JUNCTION     0.017    1.720     0  06:00       0.375          36       0.384
  J00                  JUNCTION     0.017    0.017     0  00:00       0.375       0.375       0.283
  J01                  JUNCTION     0.017    0.035     0  00:24       0.375       0.749       0.484
  J02                  JUNCTION     0.017    0.052     0  00:40       0.375        1.12       0.428
  J03                  JUNCTION     0.017    0.069     0  00:42       0.375        1.49       0.395
  J04                  JUNCTION     0.017    0.087     0  00:44       0.375        1.86       0.371
  J05                  JUNCTION     0.017    0.104     0  00:46       0.375        2.23       0.352
  J06                  JUNCTION     0.017    0.122     0  00:46       0.375         2.6       0.337
  J07                  JUNCTION     0.017    0.139     0  00:47       0.375        2.96       0.325
  J08                  JUNCTION     0.017    0.156     0  00:48       0.375        3.33       0.315
  J09                  JUNCTION     0.017    0.174     0  00:49       0.375        3.69       1.896
  J10                  JUNCTION     0.017    1.911     0  06:00       0.375        39.9       0.344
  K00                  JUNCTION     0.017    0.017     0  00:00       0.375       0.375       0.283
  K01                  JUNCTION     0.017    0.035     0  00:24       0.375       0.749       0.484
  K02                  JUNCTION     0.017    0.052     0  00:41       0.375        1.12       0.428
  K03                  JUNCTION     0.017    0.069     0  00:42       0.375        1.49       0.395
  K04                  JUNCTION     0.017    0.087     0  00:44       0.375        1.86       0.371
  K05                  JUNCTION     0.017    0.104     0  00:45       0.375        2.23       0.352
  K06                  JUNCTION     0.017    0.122     0  00:45       0.375         2.6       0.337
  K07                  JUNCTION     0.017    0.139     0  00:47       0.375        2.96       0.325
  K08                  JUNCTION     0.017    0.156     0  00:48       0.375        3.33       0.315
  K09                  JUNCTION     0.017    0.210     0  00:14       0.375         3.7       1.965
  K10                  JUNCTION     0.017    2.102     0  06:00       0.375        43.7       0.345
  Outfall              OUTFALL      0.000    2.102     0  06:00           0        43.6       0.000
  
  
  **********************
  Node Surcharge Summary
  **********************
  
  Surcharging occurs when water rises above the top of the highest conduit.
  ---------------------------------------------------------------------
                                               Max. Height   Min. Depth
                                   Hours       Above Crown    Below Rim
  Node                 Type      Surcharged         Meters       Meters
  ---------------------------------------------------------------------
  H10                  JUNCTION        5.43          0.304        8.696
  I10                  JUNCTION        5.65          0.717        8.283
  J10                  JUNCTION        5.72          0.954        8.046
  K09                  JUNCTION        5.12          0.023        8.977
  K10                  JUNCTION        5.80          1.015        7.985
  
  
  *********************
  Node Flooding Summary
  *********************
  
  No nodes were flooded.
  
  
  ***********************
  Outfall Loading Summary
  ***********************
  
  -----------------------------------------------------------
                         Flow       Avg       Max       Total
                         Freq      Flow      Flow      Volume
  Outfall Node           Pcnt       CMS       CMS    10^6 ltr
  -----------------------------------------------------------
  Outfall               99.90     2.020     2.102      43.580
  -----------------------------------------------------------
  System                99.90     2.020     2.102      43.580
  
  
  ********************
  Link Flow Summary
  ********************
  
  -----------------------------------------------------------------------------
                                 Maximum  Time of Max   Maximum    Max/    Max/
                                  |Flow|   Occurrence   |Veloc|    Full    Full
  Link                 Type          CMS  days hr:min     m/sec    Flow   Depth
  -----------------------------------------------------------------------------
  100                  CONDUIT     0.122     0  00:56      1.32    0.06    0.18
  101                  CONDUIT     0.139     0  00:58      1.38    0.07    0.19
  102                  CONDUIT     0.156     0  00:57      1.43    0.08    0.20
  103                  CONDUIT     0.174     0  00:58      0.86    0.09    0.35
  121                  CONDUIT     0.017     0  00:23      0.74    0.01    0.08
  122                  CONDUIT     0.035     0  00:39      0.84    0.02    0.10
  123                  CONDUIT     0.052     0  00:42      0.97    0.03    0.12
  124                  CONDUIT     0.070     0  00:51      1.08    0.04    0.14
  125                  CONDUIT     0.087     0  00:51      1.17    0.04    0.15
  126                  CONDUIT     0.104     0  00:55      1.25    0.05    0.16
  127                  CONDUIT     0.122     0  00:55      1.32    0.06    0.18
  128                  CONDUIT     0.139     0  00:57      1.38    0.07    0.19
  129                  CONDUIT     0.156     0  00:59      1.43    0.08    0.20
  130                  CONDUIT     0.174     0  00:51      1.48    0.09    0.21
  131                  CONDUIT     0.017     0  00:24      0.74    0.01    0.08
  132                  CONDUIT     0.035     0  00:39      0.84    0.02    0.10
  133                  CONDUIT     0.052     0  00:42      0.97    0.03    0.12
  134                  CONDUIT     0.069     0  00:43      1.08    0.04    0.14
  135                  CONDUIT     0.087     0  00:46      1.17    0.04    0.15
  136                  CONDUIT     0.104     0  00:46      1.25    0.05    0.16
  137                  CONDUIT     0.122     0  00:46      1.32    0.06    0.18
  138                  CONDUIT     0.139     0  00:48      1.38    0.07    0.19
  139                  CONDUIT     0.156     0  00:50      1.43    0.08    0.20
  140                  CONDUIT     0.174     0  00:51      1.14    0.09    0.25
  141                  CONDUIT     0.017     0  00:24      0.74    0.01    0.08
  142                  CONDUIT     0.035     0  00:39      0.84    0.02    0.10
  143                  CONDUIT     0.052     0  00:44      0.97    0.03    0.12
  144                  CONDUIT     0.070     0  00:50      1.08    0.04    0.14
  145                  CONDUIT     0.087     0  00:50      1.17    0.04    0.15
  146                  CONDUIT     0.104     0  00:56      1.25    0.05    0.16
  147                  CONDUIT     0.122     0  00:48      1.32    0.06    0.18
  148                  CONDUIT     0.139     0  00:49      1.38    0.07    0.19
  149                  CONDUIT     0.156     0  00:50      1.43    0.08    0.20
  150                  CONDUIT     0.174     0  00:52      0.97    0.09    0.29
  151                  CONDUIT     0.017     0  00:24      0.74    0.01    0.08
  152                  CONDUIT     0.035     0  00:39      0.84    0.02    0.10
  153                  CONDUIT     0.052     0  00:42      0.97    0.03    0.12
  154                  CONDUIT     0.070     0  00:46      1.08    0.04    0.14
  155                  CONDUIT     0.087     0  00:46      1.17    0.04    0.15
  156                  CONDUIT     0.104     0  00:46      1.25    0.05    0.16
  157                  CONDUIT     0.122     0  00:47      1.32    0.06    0.18
  158                  CONDUIT     0.139     0  00:48      1.38    0.07    0.19
  159                  CONDUIT     0.156     0  00:49      1.43    0.08    0.20
  160                  CONDUIT     0.174     0  00:50      0.88    0.09    0.32
  161                  CONDUIT     0.017     0  00:24      0.74    0.01    0.08
  162                  CONDUIT     0.035     0  00:39      0.84    0.02    0.10
  163                  CONDUIT     0.052     0  00:44      0.97    0.03    0.12
  164                  CONDUIT     0.070     0  00:50      1.08    0.04    0.14
  165                  CONDUIT     0.087     0  00:50      1.17    0.04    0.15
  166                  CONDUIT     0.104     0  00:53      1.25    0.05    0.16
  171                  CONDUIT     0.017     0  00:24      0.74    0.01    0.08
  172                  CONDUIT     0.035     0  00:39      0.84    0.02    0.10
  173                  CONDUIT     0.052     0  00:42      0.97    0.03    0.12
  174                  CONDUIT     0.070     0  00:46      1.08    0.04    0.14
  175                  CONDUIT     0.087     0  00:46      1.17    0.04    0.15
  176                  CONDUIT     0.104     0  00:47      1.25    0.05    0.16
  177                  CONDUIT     0.122     0  00:47      1.32    0.06    0.18
  178                  CONDUIT     0.139     0  00:49      1.38    0.07    0.19
  179                  CONDUIT     0.156     0  00:49      1.43    0.08    0.20
  180                  CONDUIT     0.174     0  00:51      0.86    0.09    0.38
  181                  CONDUIT     0.017     0  00:24      0.74    0.01    0.08
  182                  CONDUIT     0.035     0  00:40      0.84    0.02    0.10
  183                  CONDUIT     0.052     0  00:42      0.97    0.03    0.12
  184                  CONDUIT     0.069     0  00:43      1.08    0.04    0.14
  185                  CONDUIT     0.087     0  00:46      1.17    0.04    0.15
  186                  CONDUIT     0.104     0  00:46      1.25    0.05    0.16
  187                  CONDUIT     0.122     0  00:47      1.32    0.06    0.18
  188                  CONDUIT     0.139     0  00:48      1.38    0.07    0.19
  189                  CONDUIT     0.156     0  00:49      1.43    0.08    0.20
  190                  CONDUIT     0.174     0  00:51      0.86    0.09    0.41
  191                  CONDUIT     0.017     0  00:24      0.74    0.01    0.08
  192                  CONDUIT     0.035     0  00:39      0.84    0.02    0.10
  193                  CONDUIT     0.052     0  00:44      0.97    0.03    0.12
  194                  CONDUIT     0.070     0  00:50      1.08    0.04    0.14
  195                  CONDUIT     0.087     0  01:03      1.17    0.04    0.15
  196                  CONDUIT     0.104     0  00:46      1.25    0.05    0.16
  197                  CONDUIT     0.122     0  00:47      1.32    0.06    0.18
  198                  CONDUIT     0.139     0  00:49      1.38    0.07    0.19
  199                  CONDUIT     0.156     0  00:49      1.43    0.08    0.25
  200                  CONDUIT     0.174     0  00:44      0.86    0.09    0.81
  201                  CONDUIT     0.017     0  00:24      0.74    0.01    0.08
  202                  CONDUIT     0.035     0  00:39      0.84    0.02    0.10
  203                  CONDUIT     0.052     0  00:42      0.97    0.03    0.12
  204                  CONDUIT     0.070     0  00:45      1.08    0.04    0.14
  205                  CONDUIT     0.087     0  00:48      1.17    0.04    0.15
  206                  CONDUIT     0.104     0  00:46      1.25    0.05    0.16
  207                  CONDUIT     0.122     0  00:47      1.32    0.06    0.18
  208                  CONDUIT     0.139     0  00:48      1.38    0.07    0.19
  209                  CONDUIT     0.156     0  00:49      1.43    0.08    0.46
  210                  CONDUIT     0.198     0  00:26      0.86    0.10    1.00
  211                  CONDUIT     0.017     0  00:24      0.74    0.01    0.08
  212                  CONDUIT     0.035     0  00:40      0.84    0.02    0.10
  213                  CONDUIT     0.052     0  00:42      0.97    0.03    0.12
  214                  CONDUIT     0.069     0  00:44      1.08    0.04    0.14
  215                  CONDUIT     0.087     0  00:46      1.17    0.04    0.15
  216                  CONDUIT     0.104     0  00:46      1.25    0.05    0.16
  217                  CONDUIT     0.122     0  00:47      1.32    0.06    0.18
  218                  CONDUIT     0.139     0  00:48      1.38    0.07    0.19
  219                  CONDUIT     0.156     0  00:49      1.43    0.08    0.58
  220                  CONDUIT     0.174     0  06:00      0.87    0.09    1.00
  221                  CONDUIT     0.017     0  00:24      0.74    0.01    0.08
  222                  CONDUIT     0.035     0  00:41      0.84    0.02    0.10
  223                  CONDUIT     0.052     0  00:42      0.97    0.03    0.12
  224                  CONDUIT     0.069     0  00:44      1.08    0.04    0.14
  225                  CONDUIT     0.087     0  00:45      1.17    0.04    0.15
  226                  CONDUIT     0.104     0  00:45      1.25    0.05    0.16
  227                  CONDUIT     0.122     0  00:47      1.32    0.06    0.18
  228                  CONDUIT     0.139     0  00:48      1.38    0.07    0.19
  229                  CONDUIT     0.156     0  00:49      1.43    0.08    0.61
  230                  CONDUIT     0.174     0  06:00      0.71    0.09    1.00
  231                  CONDUIT     0.191     0  00:52      1.20    0.10    0.26
  232                  CONDUIT     0.382     0  00:53      1.65    0.20    0.34
  233                  CONDUIT     0.573     0  00:54      1.93    0.29    0.40
  234                  CONDUIT     0.764     0  00:55      2.14    0.39    0.46
  235                  CONDUIT     0.956     0  00:58      2.30    0.49    0.52
  236                  CONDUIT     1.147     0  00:58      2.43    0.59    0.58
  237                  CONDUIT     1.338     0  00:59      2.53    0.69    0.96
  238                  CONDUIT     1.529     0  06:00      2.60    0.78    1.00
  239                  CONDUIT     1.720     0  06:00      2.60    0.88    1.00
  240                  CONDUIT     1.911     0  06:00      2.43    0.98    1.00
  241                  CONDUIT     2.102     0  06:00      2.68   61.81    1.00
  
  
  ***************************
  Flow Classification Summary
  ***************************
  
  -------------------------------------------------------------------------------------
                      Adjusted    ---------- Fraction of Time in Flow Class ---------- 
                       /Actual         Up    Down  Sub   Sup   Up    Down  Norm  Inlet 
  Conduit               Length    Dry  Dry   Dry   Crit  Crit  Crit  Crit  Ltd   Ctrl  
  -------------------------------------------------------------------------------------
  100                     1.00   0.00  0.00  0.00  0.00  1.00  0.00  0.00  0.98  0.00
  101                     1.00   0.00  0.00  0.00  0.00  1.00  0.00  0.00  0.98  0.00
  102                     1.00   0.00  0.00  0.00  0.00  1.00  0.00  0.00  0.98  0.00
  103                     1.00   0.00  0.00  0.00  0.99  0.01  0.00  0.00  0.99  0.00
  121                     1.00   0.00  0.00  0.00  0.99  0.01  0.00  0.00  1.00  0.00
  122                     1.00   0.00  0.00  0.00  0.98  0.02  0.00  0.00  0.99  0.00
  123                     1.00   0.00  0.00  0.00  0.00  1.00  0.00  0.00  0.99  0.00
  124                     1.00   0.00  0.00  0.00  0.00  1.00  0.00  0.00  0.99  0.00
  125                     1.00   0.00  0.00  0.00  0.00  1.00  0.00  0.00  0.99  0.00
  126                     1.00   0.00  0.00  0.00  0.00  1.00  0.00  0.00  0.98  0.00
  127                     1.00   0.00  0.00  0.00  0.00  1.00  0.00  0.00  0.98  0.00
  128                     1.00   0.00  0.00  0.00  0.00  1.00  0.00  0.00  0.98  0.00
  129                     1.00   0.00  0.00  0.00  0.00  1.00  0.00  0.00  0.98  0.00
  130                     1.00   0.00  0.00  0.00  0.00  1.00  0.00  0.00  0.98  0.00
  131                     1.00   0.00  0.00  0.00  0.99  0.01  0.00  0.00  1.00  0.00
  132                     1.00   0.00  0.00  0.00  0.98  0.02  0.00  0.00  0.99  0.00
  133                     1.00   0.00  0.00  0.00  0.00  1.00  0.00  0.00  0.99  0.00
  134                     1.00   0.00  0.00  0.00  0.00  1.00  0.00  0.00  0.99  0.00
  135                     1.00   0.00  0.00  0.00  0.00  1.00  0.00  0.00  0.99  0.00
  136                     1.00   0.00  0.00  0.00  0.00  1.00  0.00  0.00  0.98  0.00
  137                     1.00   0.00  0.00  0.00  0.00  1.00  0.00  0.00  0.98  0.00
  138                     1.00   0.00  0.00  0.00  0.00  1.00  0.00  0.00  0.98  0.00
  139                     1.00   0.00  0.00  0.00  0.00  1.00  0.00  0.00  0.98  0.00
  140                     1.00   0.00  0.00  0.00  0.99  0.01  0.00  0.00  0.99  0.00
  141                     1.00   0.00  0.00  0.00  0.99  0.01  0.00  0.00  1.00  0.00
  142                     1.00   0.00  0.00  0.00  0.98  0.02  0.00  0.00  0.99  0.00
  143                     1.00   0.00  0.00  0.00  0.00  1.00  0.00  0.00  0.99  0.00
  144                     1.00   0.00  0.00  0.00  0.00  1.00  0.00  0.00  0.99  0.00
  145                     1.00   0.00  0.00  0.00  0.00  1.00  0.00  0.00  0.99  0.00
  146                     1.00   0.00  0.00  0.00  0.00  1.00  0.00  0.00  0.98  0.00
  147                     1.00   0.00  0.00  0.00  0.00  1.00  0.00  0.00  0.98  0.00
  148                     1.00   0.00  0.00  0.00  0.00  1.00  0.00  0.00  0.98  0.00
  149                     1.00   0.00  0.00  0.00  0.00  1.00  0.00  0.00  0.98  0.00
  150                     1.00   0.00  0.00  0.00  0.99  0.01  0.00  0.00  0.99  0.00
  151                     1.00   0.00  0.00  0.00  0.99  0.01  0.00  0.00  1.00  0.00
  152                     1.00   0.00  0.00  0.00  0.98  0.02  0.00  0.00  0.99  0.00
  153                     1.00   0.00  0.00  0.00  0.00  1.00  0.00  0.00  0.99  0.00
  154                     1.00   0.00  0.00  0.00  0.00  1.00  0.00  0.00  0.99  0.00
  155                     1.00   0.00  0.00  0.00  0.00  1.00  0.00  0.00  0.99  0.00
  156                     1.00   0.00  0.00  0.00  0.00  1.00  0.00  0.00  0.98  0.00
  157                     1.00   0.00  0.00  0.00  0.00  1.00  0.00  0.00  0.98  0.00
  158                     1.00   0.00  0.00  0.00  0.00  1.00  0.00  0.00  0.98  0.00
  159                     1.00   0.00  0.00  0.00  0.00  1.00  0.00  0.00  0.98  0.00
  160                     1.00   0.00  0.00  0.00  0.99  0.01  0.00  0.00  0.99  0.00
  161                     1.00   0.00  0.00  0.00  0.99  0.01  0.00  0.00  1.00  0.00
  162                     1.00   0.00  0.00  0.00  0.98  0.02  0.00  0.00  0.99  0.00
  163                     1.00   0.00  0.00  0.00  0.00  1.00  0.00  0.00  0.99  0.00
  164                     1.00   0.00  0.00  0.00  0.00  1.00  0.00  0.00  0.99  0.00
  165                     1.00   0.00  0.00  0.00  0.00  1.00  0.00  0.00  0.99  0.00
  166                     1.00   0.00  0.00  0.00  0.00  1.00  0.00  0.00  0.98  0.00
  171                     1.00   0.00  0.00  0.00  0.99  0.01  0.00  0.00  1.00  0.00
  172                     1.00   0.00  0.00  0.00  0.98  0.02  0.00  0.00  0.99  0.00
  173                     1.00   0.00  0.00  0.00  0.00  1.00  0.00  0.00  0.99  0.00
  174                     1.00   0.00  0.00  0.00  0.00  1.00  0.00  0.00  0.99  0.00
  175                     1.00   0.00  0.00  0.00  0.00  1.00  0.00  0.00  0.99  0.00
  176                     1.00   0.00  0.00  0.00  0.00  1.00  0.00  0.00  0.98  0.00
  177                     1.00   0.00  0.00  0.00  0.00  1.00  0.00  0.00  0.98  0.00
  178                     1.00   0.00  0.00  0.00  0.00  1.00  0.00  0.00  0.98  0.00
  179                     1.00   0.00  0.00  0.00  0.00  1.00  0.00  0.00  0.98  0.00
  180                     1.00   0.00  0.00  0.00  0.99  0.01  0.00  0.00  0.99  0.00
  181                     1.00   0.00  0.00  0.00  0.99  0.01  0.00  0.00  1.00  0.00
  182                     1.00   0.00  0.00  0.00  0.98  0.02  0.00  0.00  0.99  0.00
  183                     1.00   0.00  0.00  0.00  0.00  1.00  0.00  0.00  0.99  0.00
  184                     1.00   0.00  0.00  0.00  0.00  1.00  0.00  0.00  0.99  0.00
  185                     1.00   0.00  0.00  0.00  0.00  1.00  0.00  0.00  0.99  0.00
  186                     1.00   0.00  0.00  0.00  0.00  1.00  0.00  0.00  0.98  0.00
  187                     1.00   0.00  0.00  0.00  0.00  1.00  0.00  0.00  0.98  0.00
  188                     1.00   0.00  0.00  0.00  0.00  1.00  0.00  0.00  0.98  0.00
  189                     1.00   0.00  0.00  0.00  0.00  1.00  0.00  0.00  0.98  0.00
  190                     1.00   0.00  0.00  0.00  0.99  0.01  0.00  0.00  0.99  0.00
  191                     1.00   0.00  0.00  0.00  0.99  0.01  0.00  0.00  1.00  0.00
  192                     1.00   0.00  0.00  0.00  0.98  0.02  0.00  0.00  0.99  0.00
  193                     1.00   0.00  0.00  0.00  0.00  1.00  0.00  0.00  0.99  0.00
  194                     1.00   0.00  0.00  0.00  0.00  1.00  0.00  0.00  0.99  0.00
  195                     1.00   0.00  0.00  0.00  0.00  1.00  0.00  0.00  0.99  0.00
  196                     1.00   0.00  0.00  0.00  0.00  1.00  0.00  0.00  0.98  0.00
  197                     1.00   0.00  0.00  0.00  0.00  1.00  0.00  0.00  0.98  0.00
  198                     1.00   0.00  0.00  0.00  0.00  1.00  0.00  0.00  0.98  0.00
  199                     1.00   0.00  0.00  0.00  0.86  0.14  0.00  0.00  0.98  0.00
  200                     1.00   0.00  0.00  0.00  0.99  0.01  0.00  0.00  0.12  0.00
  201                     1.00   0.00  0.00  0.00  0.99  0.01  0.00  0.00  1.00  0.00
  202                     1.00   0.00  0.00  0.00  0.98  0.02  0.00  0.00  0.99  0.00
  203                     1.00   0.00  0.00  0.00  0.00  1.00  0.00  0.00  0.99  0.00
  204                     1.00   0.00  0.00  0.00  0.00  1.00  0.00  0.00  0.99  0.00
  205                     1.00   0.00  0.00  0.00  0.00  1.00  0.00  0.00  0.99  0.00
  206                     1.00   0.00  0.00  0.00  0.00  1.00  0.00  0.00  0.98  0.00
  207                     1.00   0.00  0.00  0.00  0.00  1.00  0.00  0.00  0.98  0.00
  208                     1.00   0.00  0.00  0.00  0.00  1.00  0.00  0.00  0.98  0.00
  209                     1.00   0.00  0.00  0.00  0.93  0.07  0.00  0.00  0.98  0.00
  210                     1.00   0.00  0.00  0.00  0.99  0.01  0.00  0.00  0.06  0.00
  211                     1.00   0.00  0.00  0.00  0.99  0.01  0.00  0.00  1.00  0.00
  212                     1.00   0.00  0.00  0.00  0.98  0.02  0.00  0.00  0.99  0.00
  213                     1.00   0.00  0.00  0.00  0.00  1.00  0.00  0.00  0.99  0.00
  214                     1.00   0.00  0.00  0.00  0.00  1.00  0.00  0.00  0.99  0.00
  215                     1.00   0.00  0.00  0.00  0.00  1.00  0.00  0.00  0.99  0.00
  216                     1.00   0.00  0.00  0.00  0.00  1.00  0.00  0.00  0.98  0.00
  217                     1.00   0.00  0.00  0.00  0.00  1.00  0.00  0.00  0.98  0.00
  218                     1.00   0.00  0.00  0.00  0.00  1.00  0.00  0.00  0.98  0.00
  219                     1.00   0.00  0.00  0.00  0.95  0.05  0.00  0.00  0.98  0.00
  220                     1.00   0.00  0.00  0.00  0.99  0.01  0.00  0.00  0.04  0.00
  221                     1.00   0.00  0.00  0.00  0.99  0.01  0.00  0.00  1.00  0.00
  222                     1.00   0.00  0.00  0.00  0.98  0.02  0.00  0.00  0.99  0.00
  223                     1.00   0.00  0.00  0.00  0.00  1.00  0.00  0.00  0.99  0.00
  224                     1.00   0.00  0.00  0.00  0.00  1.00  0.00  0.00  0.99  0.00
  225                     1.00   0.00  0.00  0.00  0.00  1.00  0.00  0.00  0.99  0.00
  226                     1.00   0.00  0.00  0.00  0.00  1.00  0.00  0.00  0.98  0.00
  227                     1.00   0.00  0.00  0.00  0.00  1.00  0.00  0.00  0.98  0.00
  228                     1.00   0.00  0.00  0.00  0.00  1.00  0.00  0.00  0.98  0.00
  229                     1.00   0.00  0.00  0.00  0.96  0.04  0.00  0.00  0.98  0.00
  230                     1.00   0.00  0.00  0.00  1.00  0.00  0.00  0.00  0.03  0.00
  231                     1.00   0.00  0.00  0.00  0.99  0.01  0.00  0.00  0.99  0.00
  232                     1.00   0.00  0.00  0.00  0.00  1.00  0.00  0.00  0.99  0.00
  233                     1.00   0.00  0.00  0.00  0.00  1.00  0.00  0.00  0.99  0.00
  234                     1.00   0.00  0.00  0.00  0.00  1.00  0.00  0.00  0.98  0.00
  235                     1.00   0.00  0.00  0.00  0.00  1.00  0.00  0.00  0.98  0.00
  236                     1.00   0.00  0.00  0.00  0.00  1.00  0.00  0.00  0.98  0.00
  237                     1.00   0.00  0.00  0.00  0.93  0.07  0.00  0.00  0.98  0.00
  238                     1.00   0.00  0.00  0.00  0.95  0.05  0.00  0.00  0.04  0.00
  239                     1.00   0.00  0.00  0.00  0.96  0.04  0.00  0.00  0.02  0.00
  240                     1.00   0.00  0.00  0.00  1.00  0.00  0.00  0.00  0.04  0.00
  241                     1.00   0.00  0.00  0.00  1.00  0.00  0.00  0.00  0.00  0.00
  
  
  *************************
  Conduit Surcharge Summary
  *************************
  
  ----------------------------------------------------------------------------
                                                           Hours        Hours 
                         --------- Hours Full --------   Above Full   Capacity
  Conduit                Both Ends  Upstream  Dnstream   Normal Flow   Limited
  ----------------------------------------------------------------------------
  200                         0.01      0.01      5.43      0.01         0.01
  210                         0.01      0.01      5.65      0.01         0.01
  220                         0.01      0.01      5.72      0.01         0.01
  229                         0.01      0.01      5.12      0.01         0.01
  230                         5.12      5.12      5.80      0.01         0.01
  237                         0.01      0.01      5.43      0.01         0.01
  238                         5.43      5.43      5.65      0.01         0.01
  239                         5.65      5.65      5.72      0.01         0.01
  240                         5.72      5.72      5.80      0.01         0.01
  241                         0.01      5.80      0.01      5.92         5.75
  

  Analysis begun on:  Thu Jan 12 17:18:48 2023
  Analysis ended on:  Thu Jan 12 17:18:50 2023
  Total elapsed time: 00:00:02